<?xml version="1.0" encoding="UTF-8"?>
<!-- Generated by org.testng.reporters.JUnitXMLReporter -->
<testsuite ignored="0" hostname="LAPTOP-IH94VMQ2" failures="0" tests="3" name="Default test" time="0.049" errors="0" timestamp="2022-10-01T23:22:48 IST">
  <testcase classname="com.MavenPractice.Testcases" name="test1" time="0.009"/>
  <testcase classname="com.MavenPractice.Testcases" name="test2" time="0.001"/>
  <testcase classname="com.MavenPractice.Testcases" name="test3" time="0.002"/>
</testsuite> <!-- Default test -->
