<?xml version="1.0" encoding="UTF-8"?>
<testng-results ignored="0" total="1" passed="1" failed="0" skipped="0">
  <reporter-output>
  </reporter-output>
  <suite started-at="2022-09-28T13:53:45 IST" name="Default suite" finished-at="2022-09-28T13:53:45 IST" duration-ms="34">
    <groups>
    </groups>
    <test started-at="2022-09-28T13:53:45 IST" name="Default test" finished-at="2022-09-28T13:53:45 IST" duration-ms="34">
      <class name="com.excelreadwrite.Exceltest">
        <test-method signature="test1()[pri:0, instance:com.excelreadwrite.Exceltest@60d8c9b7]" started-at="2022-09-28T13:53:45 IST" name="test1" finished-at="2022-09-28T13:53:45 IST" duration-ms="9" status="PASS">
          <reporter-output>
          </reporter-output>
        </test-method> <!-- test1 -->
      </class> <!-- com.excelreadwrite.Exceltest -->
    </test> <!-- Default test -->
  </suite> <!-- Default suite -->
</testng-results>
