<?xml version="1.0" encoding="UTF-8"?>
<testng-results ignored="0" total="1" passed="1" failed="0" skipped="0">
  <reporter-output>
  </reporter-output>
  <suite started-at="2022-10-09T16:45:59 IST" name="Suiteproj" finished-at="2022-10-09T16:46:06 IST" duration-ms="6250">
    <groups>
    </groups>
    <test started-at="2022-10-09T16:45:59 IST" name="Testproj" finished-at="2022-10-09T16:46:06 IST" duration-ms="6250">
      <class name="com.MavenPractice2.Testcases">
        <test-method is-config="true" signature="main()[pri:0, instance:com.MavenPractice2.Testcases@1fe20588]" started-at="2022-10-09T16:45:59 IST" name="main" finished-at="2022-10-09T16:46:05 IST" duration-ms="6026" status="PASS">
          <reporter-output>
          </reporter-output>
        </test-method> <!-- main -->
        <test-method signature="test()[pri:0, instance:com.MavenPractice2.Testcases@1fe20588]" started-at="2022-10-09T16:46:05 IST" name="test" finished-at="2022-10-09T16:46:05 IST" duration-ms="185" status="PASS">
          <reporter-output>
          </reporter-output>
        </test-method> <!-- test -->
        <test-method is-config="true" signature="end()[pri:0, instance:com.MavenPractice2.Testcases@1fe20588]" started-at="2022-10-09T16:46:06 IST" name="end" finished-at="2022-10-09T16:46:06 IST" duration-ms="0" status="PASS">
          <reporter-output>
          </reporter-output>
        </test-method> <!-- end -->
      </class> <!-- com.MavenPractice2.Testcases -->
    </test> <!-- Testproj -->
  </suite> <!-- Suiteproj -->
</testng-results>
