<?xml version="1.0" encoding="UTF-8"?>
<testng-results ignored="0" total="2" passed="2" failed="0" skipped="0">
  <reporter-output>
  </reporter-output>
  <suite started-at="2022-09-29T13:33:00 IST" name="Default suite" finished-at="2022-09-29T13:33:30 IST" duration-ms="30019">
    <groups>
    </groups>
    <test started-at="2022-09-29T13:33:00 IST" name="Default test" finished-at="2022-09-29T13:33:30 IST" duration-ms="30019">
      <class name="com.testcases.DataDrivenTest">
        <test-method is-config="true" signature="main()[pri:0, instance:com.testcases.DataDrivenTest@1bd39d3c]" started-at="2022-09-29T13:33:00 IST" name="main" finished-at="2022-09-29T13:33:09 IST" duration-ms="8137" status="PASS">
          <reporter-output>
          </reporter-output>
        </test-method> <!-- main -->
        <test-method signature="test(java.lang.String, java.lang.String)[pri:0, instance:com.testcases.DataDrivenTest@1bd39d3c]" started-at="2022-09-29T13:33:09 IST" name="test" data-provider="creds" finished-at="2022-09-29T13:33:15 IST" duration-ms="6775" status="PASS">
          <params>
            <param index="0">
              <value>
                <![CDATA[Admin]]>
              </value>
            </param>
            <param index="1">
              <value>
                <![CDATA[admin123]]>
              </value>
            </param>
          </params>
          <reporter-output>
          </reporter-output>
        </test-method> <!-- test -->
        <test-method is-config="true" signature="teardown()[pri:0, instance:com.testcases.DataDrivenTest@1bd39d3c]" started-at="2022-09-29T13:33:15 IST" name="teardown" finished-at="2022-09-29T13:33:16 IST" duration-ms="324" status="PASS">
          <reporter-output>
          </reporter-output>
        </test-method> <!-- teardown -->
        <test-method is-config="true" signature="main()[pri:0, instance:com.testcases.DataDrivenTest@1bd39d3c]" started-at="2022-09-29T13:33:16 IST" name="main" finished-at="2022-09-29T13:33:25 IST" duration-ms="9349" status="PASS">
          <reporter-output>
          </reporter-output>
        </test-method> <!-- main -->
        <test-method signature="test(java.lang.String, java.lang.String)[pri:0, instance:com.testcases.DataDrivenTest@1bd39d3c]" started-at="2022-09-29T13:33:25 IST" name="test" data-provider="creds" finished-at="2022-09-29T13:33:30 IST" duration-ms="4832" status="PASS">
          <params>
            <param index="0">
              <value>
                <![CDATA[Admin]]>
              </value>
            </param>
            <param index="1">
              <value>
                <![CDATA[admin123]]>
              </value>
            </param>
          </params>
          <reporter-output>
          </reporter-output>
        </test-method> <!-- test -->
        <test-method is-config="true" signature="teardown()[pri:0, instance:com.testcases.DataDrivenTest@1bd39d3c]" started-at="2022-09-29T13:33:30 IST" name="teardown" finished-at="2022-09-29T13:33:30 IST" duration-ms="559" status="PASS">
          <reporter-output>
          </reporter-output>
        </test-method> <!-- teardown -->
      </class> <!-- com.testcases.DataDrivenTest -->
    </test> <!-- Default test -->
  </suite> <!-- Default suite -->
</testng-results>
